# JRE version: OpenJDK Runtime Environment (11.0.11) (build 11.0.11+0-b60-7590822)
# Java VM: OpenJDK 64-Bit Server VM (11.0.11+0-b60-7590822, mixed mode, tiered, compressed oops, g1 gc, linux-amd64)
Heap:
 garbage-first heap   total 354304K, used 271872K [0x0000000080000000, 0x0000000100000000)
  region size 1024K, 52 young (53248K), 5 survivors (5120K)
 Metaspace       used 115754K, capacity 118440K, committed 118912K, reserved 1153024K
  class space    used 14452K, capacity 15451K, committed 15488K, reserved 1048576K
GC Heap History (20 events):
Event: 23.602 GC heap after
{Heap after GC invocations=27 (full 0):
 garbage-first heap   total 245760K, used 102993K [0x0000000080000000, 0x0000000100000000)
  region size 1024K, 4 young (4096K), 4 survivors (4096K)
 Metaspace       used 95329K, capacity 97556K, committed 98048K, reserved 1134592K
  class space    used 12185K, capacity 12990K, committed 13056K, reserved 1048576K
}
Event: 24.246 GC heap before
{Heap before GC invocations=27 (full 0):
 garbage-first heap   total 245760K, used 171601K [0x0000000080000000, 0x0000000100000000)
  region size 1024K, 72 young (73728K), 4 survivors (4096K)
 Metaspace       used 96053K, capacity 98388K, committed 98688K, reserved 1134592K
  class space    used 12271K, capacity 13111K, committed 13184K, reserved 1048576K
}
Event: 24.267 GC heap after
{Heap after GC invocations=28 (full 0):
 garbage-first heap   total 294912K, used 108048K [0x0000000080000000, 0x0000000100000000)
  region size 1024K, 9 young (9216K), 9 survivors (9216K)
 Metaspace       used 96053K, capacity 98388K, committed 98688K, reserved 1134592K
  class space    used 12271K, capacity 13111K, committed 13184K, reserved 1048576K
}
Event: 25.535 GC heap before
{Heap before GC invocations=28 (full 0):
 garbage-first heap   total 294912K, used 200208K [0x0000000080000000, 0x0000000100000000)
  region size 1024K, 100 young (102400K), 9 survivors (9216K)
 Metaspace       used 96133K, capacity 98464K, committed 98688K, reserved 1134592K
  class space    used 12276K, capacity 13112K, committed 13184K, reserved 1048576K
}
Event: 25.560 GC heap after
{Heap after GC invocations=29 (full 0):
 garbage-first heap   total 294912K, used 113056K [0x0000000080000000, 0x0000000100000000)
  region size 1024K, 10 young (10240K), 10 survivors (10240K)
 Metaspace       used 96133K, capacity 98464K, committed 98688K, reserved 1134592K
  class space    used 12276K, capacity 13112K, committed 13184K, reserved 1048576K
}
Event: 27.546 GC heap before
{Heap before GC invocations=29 (full 0):
 garbage-first heap   total 294912K, used 208288K [0x0000000080000000, 0x0000000100000000)
  region size 1024K, 104 young (106496K), 10 survivors (10240K)
 Metaspace       used 96990K, capacity 99253K, committed 99456K, reserved 1136640K
  class space    used 12359K, capacity 13182K, committed 13184K, reserved 1048576K
}
Event: 27.590 GC heap after
{Heap after GC invocations=30 (full 0):
 garbage-first heap   total 294912K, used 123419K [0x0000000080000000, 0x0000000100000000)
  region size 1024K, 13 young (13312K), 13 survivors (13312K)
 Metaspace       used 96990K, capacity 99253K, committed 99456K, reserved 1136640K
  class space    used 12359K, capacity 13182K, committed 13184K, reserved 1048576K
}
Event: 28.311 GC heap before
{Heap before GC invocations=30 (full 0):
 garbage-first heap   total 294912K, used 215578K [0x0000000080000000, 0x0000000100000000)
  region size 1024K, 104 young (106496K), 13 survivors (13312K)
 Metaspace       used 97448K, capacity 99818K, committed 100096K, reserved 1136640K
  class space    used 12405K, capacity 13263K, committed 13312K, reserved 1048576K
}
Event: 28.358 GC heap after
{Heap after GC invocations=31 (full 0):
 garbage-first heap   total 294912K, used 127845K [0x0000000080000000, 0x0000000100000000)
  region size 1024K, 4 young (4096K), 4 survivors (4096K)
 Metaspace       used 97448K, capacity 99818K, committed 100096K, reserved 1136640K
  class space    used 12405K, capacity 13263K, committed 13312K, reserved 1048576K
}
Event: 30.557 GC heap before
{Heap before GC invocations=31 (full 0):
 garbage-first heap   total 294912K, used 224101K [0x0000000080000000, 0x0000000100000000)
  region size 1024K, 97 young (99328K), 4 survivors (4096K)
 Metaspace       used 104377K, capacity 106980K, committed 107264K, reserved 1142784K
  class space    used 13256K, capacity 14222K, committed 14336K, reserved 1048576K
}
Event: 30.582 GC heap after
{Heap after GC invocations=32 (full 0):
 garbage-first heap   total 294912K, used 148992K [0x0000000080000000, 0x0000000100000000)
  region size 1024K, 13 young (13312K), 13 survivors (13312K)
 Metaspace       used 104377K, capacity 106980K, committed 107264K, reserved 1142784K
  class space    used 13256K, capacity 14222K, committed 14336K, reserved 1048576K
}
Event: 32.194 GC heap before
{Heap before GC invocations=32 (full 0):
 garbage-first heap   total 294912K, used 226816K [0x0000000080000000, 0x0000000100000000)
  region size 1024K, 89 young (91136K), 13 survivors (13312K)
 Metaspace       used 105398K, capacity 108033K, committed 108288K, reserved 1142784K
  class space    used 13312K, capacity 14284K, committed 14336K, reserved 1048576K
}
Event: 32.274 GC heap after
{Heap after GC invocations=33 (full 0):
 garbage-first heap   total 354304K, used 167390K [0x0000000080000000, 0x0000000100000000)
  region size 1024K, 12 young (12288K), 12 survivors (12288K)
 Metaspace       used 105398K, capacity 108033K, committed 108288K, reserved 1142784K
  class space    used 13312K, capacity 14284K, committed 14336K, reserved 1048576K
}
Event: 33.753 GC heap before
{Heap before GC invocations=34 (full 0):
 garbage-first heap   total 354304K, used 258526K [0x0000000080000000, 0x0000000100000000)
  region size 1024K, 101 young (103424K), 12 survivors (12288K)
 Metaspace       used 109609K, capacity 112244K, committed 112640K, reserved 1146880K
  class space    used 13741K, capacity 14743K, committed 14848K, reserved 1048576K
}
Event: 33.842 GC heap after
{Heap after GC invocations=35 (full 0):
 garbage-first heap   total 354304K, used 183296K [0x0000000080000000, 0x0000000100000000)
  region size 1024K, 13 young (13312K), 13 survivors (13312K)
 Metaspace       used 109609K, capacity 112244K, committed 112640K, reserved 1146880K
  class space    used 13741K, capacity 14743K, committed 14848K, reserved 1048576K
}
Event: 33.888 GC heap before
{Heap before GC invocations=35 (full 0):
 garbage-first heap   total 354304K, used 186368K [0x0000000080000000, 0x0000000100000000)
  region size 1024K, 17 young (17408K), 13 survivors (13312K)
 Metaspace       used 109618K, capacity 112244K, committed 112640K, reserved 1146880K
  class space    used 13741K, capacity 14743K, committed 14848K, reserved 1048576K
}
Event: 33.916 GC heap after
{Heap after GC invocations=36 (full 0):
 garbage-first heap   total 354304K, used 186368K [0x0000000080000000, 0x0000000100000000)
  region size 1024K, 3 young (3072K), 3 survivors (3072K)
 Metaspace       used 109618K, capacity 112244K, committed 112640K, reserved 1146880K
  class space    used 13741K, capacity 14743K, committed 14848K, reserved 1048576K
}
Event: 34.232 GC heap before
{Heap before GC invocations=36 (full 0):
 garbage-first heap   total 354304K, used 240640K [0x0000000080000000, 0x0000000100000000)
  region size 1024K, 57 young (58368K), 3 survivors (3072K)
 Metaspace       used 110286K, capacity 112875K, committed 113152K, reserved 1146880K
  class space    used 13808K, capacity 14782K, committed 14848K, reserved 1048576K
}
Event: 34.282 GC heap after
{Heap after GC invocations=37 (full 0):
 garbage-first heap   total 354304K, used 221696K [0x0000000080000000, 0x0000000100000000)
  region size 1024K, 11 young (11264K), 11 survivors (11264K)
 Metaspace       used 110286K, capacity 112875K, committed 113152K, reserved 1146880K
  class space    used 13808K, capacity 14782K, committed 14848K, reserved 1048576K
}
Event: 35.360 GC heap before
{Heap before GC invocations=38 (full 0):
 garbage-first heap   total 354304K, used 270848K [0x0000000080000000, 0x0000000100000000)
  region size 1024K, 58 young (59392K), 11 survivors (11264K)
 Metaspace       used 115754K, capacity 118440K, committed 118912K, reserved 1153024K
  class space    used 14452K, capacity 15451K, committed 15488K, reserved 1048576K
}

